19:02:39.445 INFO  i.g.bonigarcia.wdm.WebDriverManager - Using chromedriver 98.0.4758.102 (resolved driver for Chrome 98)
19:02:39.460 INFO  i.g.bonigarcia.wdm.WebDriverManager - Exporting webdriver.chrome.driver as C:\Users\User\.cache\selenium\chromedriver\win32\98.0.4758.102\chromedriver.exe
19:02:40.630 INFO  manager.ApplicationManager - Tests start
19:03:03.345 INFO  tests_trello.TestBase - Start test--->testBoardDeletion
19:03:03.361 INFO  manager.MyListener - The element with locator---> By.cssSelector: .boards-page-board-section-list-item in search
19:03:03.376 INFO  manager.MyListener - The element with locator---> By.cssSelector: .boards-page-board-section-list-item was found
19:03:03.376 INFO  manager.MyListener - The element with locator---> By.xpath: //*[contains(@class,'icon-clock')]/../../..//li in search
19:03:11.394 INFO  manager.MyListener - The element with locator---> By.xpath: //*[contains(@class,'icon-clock')]/../../..//li was found
19:03:11.394 INFO  manager.MyListener - The element with locator---> By.cssSelector: .boards-page-board-section-list-item in search
19:03:11.410 INFO  manager.MyListener - The element with locator---> By.cssSelector: .boards-page-board-section-list-item was found
19:03:11.517 INFO  manager.MyListener - The element with locator---> By.cssSelector: .js-show-sidebar in search
19:03:11.973 INFO  manager.MyListener - The element with locator---> By.cssSelector: .js-show-sidebar was found
19:03:12.055 INFO  manager.MyListener - The element with locator---> By.cssSelector: .js-open-more in search
19:03:12.071 INFO  manager.MyListener - The element with locator---> By.cssSelector: .js-open-more was found
19:03:12.138 INFO  manager.MyListener - The element with locator---> By.cssSelector: .js-close-board in search
19:03:12.150 INFO  manager.MyListener - The element with locator---> By.cssSelector: .js-close-board was found
19:03:12.277 INFO  manager.MyListener - The element with locator---> By.cssSelector: .js-confirm in search
19:03:12.288 INFO  manager.MyListener - The element with locator---> By.cssSelector: .js-confirm was found
19:03:12.320 INFO  manager.MyListener - The element with locator---> By.cssSelector: [data-test-id='close-board-delete-board-button'] in search
19:03:12.709 INFO  manager.MyListener - The element with locator---> By.cssSelector: [data-test-id='close-board-delete-board-button'] was found
19:03:17.763 INFO  manager.MyListener - The element with locator---> By.cssSelector: [data-test-id='close-board-delete-board-confirm-button'] in search
19:03:17.785 INFO  manager.MyListener - The element with locator---> By.cssSelector: [data-test-id='close-board-delete-board-confirm-button'] was found
19:03:17.826 INFO  manager.MyListener - The element with locator---> By.cssSelector: .boards-page-board-section-list-item in search
19:03:18.635 INFO  manager.MyListener - The element with locator---> By.cssSelector: .boards-page-board-section-list-item was found
19:03:18.635 INFO  manager.MyListener - The element with locator---> By.xpath: //*[contains(@class,'icon-clock')]/../../..//li in search
19:03:26.644 INFO  manager.MyListener - The element with locator---> By.xpath: //*[contains(@class,'icon-clock')]/../../..//li was found
19:03:26.644 INFO  tests_trello.TestBase - ****************************************************************
19:03:26.644 INFO  manager.ApplicationManager - Tests are finished
