17:57:47.909 INFO  i.g.bonigarcia.wdm.WebDriverManager - Using chromedriver 98.0.4758.102 (resolved driver for Chrome 98)
17:57:47.921 INFO  i.g.bonigarcia.wdm.WebDriverManager - Exporting webdriver.chrome.driver as C:\Users\User\.cache\selenium\chromedriver\win32\98.0.4758.102\chromedriver.exe
17:57:49.147 INFO  manager.ApplicationManager - Tests start
17:58:14.794 INFO  tests_trello.TestBase - Start test--->boardCreationTest
17:58:14.799 INFO  manager.MyListener - The element with locator---> By.cssSelector: .boards-page-board-section-list-item in search
17:58:14.814 INFO  manager.MyListener - The element with locator---> By.cssSelector: .boards-page-board-section-list-item was found
17:58:14.814 INFO  manager.MyListener - The element with locator---> By.xpath: //*[contains(@class,'icon-clock')]/../../..//li in search
17:58:22.823 INFO  manager.MyListener - The element with locator---> By.xpath: //*[contains(@class,'icon-clock')]/../../..//li was found
17:58:22.823 INFO  manager.MyListener - The element with locator---> By.cssSelector: [data-test-id='header-create-menu-button'] in search
17:58:22.830 INFO  manager.MyListener - The element with locator---> By.cssSelector: [data-test-id='header-create-menu-button'] was found
17:58:22.873 INFO  manager.MyListener - The element with locator---> By.cssSelector: [aria-label='BoardIcon'] in search
17:58:22.934 INFO  manager.MyListener - The element with locator---> By.cssSelector: [aria-label='BoardIcon'] was found
17:58:22.975 INFO  manager.MyListener - The element with locator---> By.cssSelector: [data-test-id='create-board-title-input'] in search
17:58:22.987 INFO  manager.MyListener - The element with locator---> By.cssSelector: [data-test-id='create-board-title-input'] was found
17:58:23.018 INFO  manager.MyListener - The element with locator---> By.cssSelector: [data-test-id='create-board-title-input'] in search
17:58:23.023 INFO  manager.MyListener - The element with locator---> By.cssSelector: [data-test-id='create-board-title-input'] was found
17:58:23.037 INFO  manager.MyListener - The element with locator---> By.cssSelector: [data-test-id='create-board-title-input'] in search
17:58:23.041 INFO  manager.MyListener - The element with locator---> By.cssSelector: [data-test-id='create-board-title-input'] was found
17:58:23.092 INFO  manager.MyListener - The element with locator---> By.cssSelector: [data-test-id='header-create-menu-popover'] in search
17:58:23.100 INFO  manager.MyListener - The element with locator---> By.cssSelector: [data-test-id='header-create-menu-popover'] was found
17:58:23.324 INFO  manager.MyListener - The element with locator---> By.cssSelector: [data-test-id='create-board-submit-button'] in search
17:58:23.331 INFO  manager.MyListener - The element with locator---> By.cssSelector: [data-test-id='create-board-submit-button'] was found
17:58:23.866 INFO  manager.MyListener - The element with locator---> By.cssSelector: [data-test-id='create-board-submit-button'] in search
17:58:23.871 INFO  manager.MyListener - The element with locator---> By.cssSelector: [data-test-id='create-board-submit-button'] was found
17:58:23.900 INFO  manager.MyListener - The element with locator---> By.cssSelector: .list-name-input in search
17:58:24.840 INFO  manager.MyListener - The element with locator---> By.cssSelector: .list-name-input was found
17:58:24.907 INFO  manager.MyListener - The element with locator---> By.cssSelector: .list-name-input in search
17:58:24.925 INFO  manager.MyListener - The element with locator---> By.cssSelector: .list-name-input was found
17:58:24.934 INFO  manager.MyListener - The element with locator---> By.cssSelector: ._2ft40Nx3NZII2i in search
17:58:24.941 INFO  manager.MyListener - The element with locator---> By.cssSelector: ._2ft40Nx3NZII2i was found
17:58:25.014 INFO  manager.MyListener - The element with locator---> By.cssSelector: .boards-page-board-section-list-item in search
17:58:25.342 INFO  manager.MyListener - The element with locator---> By.cssSelector: .boards-page-board-section-list-item was found
17:58:25.342 INFO  manager.MyListener - The element with locator---> By.xpath: //*[contains(@class,'icon-clock')]/../../..//li in search
17:58:25.349 INFO  manager.MyListener - The element with locator---> By.xpath: //*[contains(@class,'icon-clock')]/../../..//li was found
17:58:25.352 INFO  tests_trello.TestBase - ****************************************************************
17:58:25.354 INFO  manager.ApplicationManager - Tests are finished
