19:07:01.631 INFO  i.g.bonigarcia.wdm.WebDriverManager - Using chromedriver 98.0.4758.102 (resolved driver for Chrome 98)
19:07:01.643 INFO  i.g.bonigarcia.wdm.WebDriverManager - Exporting webdriver.chrome.driver as C:\Users\User\.cache\selenium\chromedriver\win32\98.0.4758.102\chromedriver.exe
19:07:02.854 INFO  manager.ApplicationManager - Tests start
19:07:22.182 INFO  tests_trello.TestBase - Start test--->boardCreationTest2
19:07:22.185 INFO  manager.MyListener - The element with locator---> By.cssSelector: .boards-page-board-section-list-item
19:07:22.199 INFO  manager.MyListener - The element with locator---> By.cssSelector: .boards-page-board-section-list-item was found
19:07:22.200 INFO  manager.MyListener - The element with locator---> By.xpath: //*[contains(@class,'icon-clock')]/../../..//li
19:07:30.206 INFO  manager.MyListener - The element with locator---> By.xpath: //*[contains(@class,'icon-clock')]/../../..//li was found
19:07:30.206 INFO  manager.MyListener - The element with locator---> By.cssSelector: [data-test-id='header-create-menu-button']
19:07:30.214 INFO  manager.MyListener - The element with locator---> By.cssSelector: [data-test-id='header-create-menu-button'] was found
19:07:30.259 INFO  manager.MyListener - The element with locator---> By.cssSelector: [aria-label='BoardIcon']
19:07:30.320 INFO  manager.MyListener - The element with locator---> By.cssSelector: [aria-label='BoardIcon'] was found
19:07:30.370 INFO  manager.MyListener - The element with locator---> By.cssSelector: [data-test-id='create-board-title-input']
19:07:30.378 INFO  manager.MyListener - The element with locator---> By.cssSelector: [data-test-id='create-board-title-input'] was found
19:07:30.400 INFO  manager.MyListener - The element with locator---> By.cssSelector: [data-test-id='create-board-title-input']
19:07:30.406 INFO  manager.MyListener - The element with locator---> By.cssSelector: [data-test-id='create-board-title-input'] was found
19:07:30.419 INFO  manager.MyListener - The element with locator---> By.cssSelector: [data-test-id='create-board-title-input']
19:07:30.424 INFO  manager.MyListener - The element with locator---> By.cssSelector: [data-test-id='create-board-title-input'] was found
19:07:30.476 INFO  manager.MyListener - The element with locator---> By.cssSelector: [data-test-id='header-create-menu-popover']
19:07:30.484 INFO  manager.MyListener - The element with locator---> By.cssSelector: [data-test-id='header-create-menu-popover'] was found
19:07:34.716 INFO  manager.MyListener - The element with locator---> By.cssSelector: [data-test-id='create-board-submit-button']
19:07:34.724 INFO  manager.MyListener - The element with locator---> By.cssSelector: [data-test-id='create-board-submit-button'] was found
19:07:34.747 INFO  manager.MyListener - The element with locator---> By.cssSelector: [data-test-id='create-board-submit-button']
19:07:34.751 INFO  manager.MyListener - The element with locator---> By.cssSelector: [data-test-id='create-board-submit-button'] was found
19:07:34.782 INFO  manager.MyListener - The element with locator---> By.cssSelector: .list-name-input
19:07:35.681 INFO  manager.MyListener - The element with locator---> By.cssSelector: .list-name-input was found
19:07:35.731 INFO  manager.MyListener - The element with locator---> By.cssSelector: .list-name-input
19:07:35.774 INFO  manager.MyListener - The element with locator---> By.cssSelector: .list-name-input was found
19:07:35.783 INFO  manager.MyListener - The element with locator---> By.cssSelector: ._2ft40Nx3NZII2i
19:07:35.791 INFO  manager.MyListener - The element with locator---> By.cssSelector: ._2ft40Nx3NZII2i was found
19:07:35.868 INFO  manager.MyListener - The element with locator---> By.cssSelector: .boards-page-board-section-list-item
19:07:36.205 INFO  manager.MyListener - The element with locator---> By.cssSelector: .boards-page-board-section-list-item was found
19:07:36.205 INFO  manager.MyListener - The element with locator---> By.xpath: //*[contains(@class,'icon-clock')]/../../..//li
19:07:36.211 INFO  manager.MyListener - The element with locator---> By.xpath: //*[contains(@class,'icon-clock')]/../../..//li was found
19:07:36.214 INFO  tests_trello.TestBase - ****************************************************************
19:07:36.214 INFO  tests_trello.TestBase - Start test--->boardCreationTest2
19:07:36.215 INFO  manager.MyListener - The element with locator---> By.cssSelector: .boards-page-board-section-list-item
19:07:36.221 INFO  manager.MyListener - The element with locator---> By.cssSelector: .boards-page-board-section-list-item was found
19:07:36.221 INFO  manager.MyListener - The element with locator---> By.xpath: //*[contains(@class,'icon-clock')]/../../..//li
19:07:36.227 INFO  manager.MyListener - The element with locator---> By.xpath: //*[contains(@class,'icon-clock')]/../../..//li was found
19:07:36.228 INFO  manager.MyListener - The element with locator---> By.cssSelector: [data-test-id='header-create-menu-button']
19:07:36.232 INFO  manager.MyListener - The element with locator---> By.cssSelector: [data-test-id='header-create-menu-button'] was found
19:07:36.258 INFO  manager.MyListener - The element with locator---> By.cssSelector: [aria-label='BoardIcon']
19:07:36.274 INFO  manager.MyListener - The element with locator---> By.cssSelector: [aria-label='BoardIcon'] was found
19:07:36.319 INFO  manager.MyListener - The element with locator---> By.cssSelector: [data-test-id='create-board-title-input']
19:07:36.332 INFO  manager.MyListener - The element with locator---> By.cssSelector: [data-test-id='create-board-title-input'] was found
19:07:36.355 INFO  manager.MyListener - The element with locator---> By.cssSelector: [data-test-id='create-board-title-input']
19:07:36.361 INFO  manager.MyListener - The element with locator---> By.cssSelector: [data-test-id='create-board-title-input'] was found
19:07:36.375 INFO  manager.MyListener - The element with locator---> By.cssSelector: [data-test-id='create-board-title-input']
19:07:36.380 INFO  manager.MyListener - The element with locator---> By.cssSelector: [data-test-id='create-board-title-input'] was found
19:07:36.434 INFO  manager.MyListener - The element with locator---> By.cssSelector: [data-test-id='header-create-menu-popover']
19:07:36.440 INFO  manager.MyListener - The element with locator---> By.cssSelector: [data-test-id='header-create-menu-popover'] was found
19:07:40.667 INFO  manager.MyListener - The element with locator---> By.cssSelector: [data-test-id='create-board-submit-button']
19:07:48.702 INFO  manager.MyListener - We have a throwable--> no such element: Unable to locate element: {"method":"css selector","selector":"[data-test-id='create-board-submit-button']"}
  (Session info: chrome=98.0.4758.102)
For documentation on this error, please visit: https://www.seleniumhq.org/exceptions/no_such_element.html
Build info: version: '3.141.59', revision: 'e82be7d358', time: '2018-11-14T08:17:03'
System info: host: 'PKMONSTER', ip: '26.121.132.97', os.name: 'Windows 10', os.arch: 'amd64', os.version: '10.0', java.version: '11.0.13'
Driver info: org.openqa.selenium.chrome.ChromeDriver
Capabilities {acceptInsecureCerts: false, browserName: chrome, browserVersion: 98.0.4758.102, chrome: {chromedriverVersion: 98.0.4758.102 (273bf7ac8c90..., userDataDir: C:\Users\User\AppData\Local...}, goog:chromeOptions: {debuggerAddress: localhost:61140}, javascriptEnabled: true, networkConnectionEnabled: false, pageLoadStrategy: normal, platform: WINDOWS, platformName: WINDOWS, proxy: Proxy(), setWindowRect: true, strictFileInteractability: false, timeouts: {implicit: 0, pageLoad: 300000, script: 30000}, unhandledPromptBehavior: dismiss and notify, webauthn:extension:credBlob: true, webauthn:extension:largeBlob: true, webauthn:virtualAuthenticators: true}
Session ID: 00bbd974b300ca68409125688a575c88
*** Element info: {Using=css selector, value=[data-test-id='create-board-submit-button']}
19:07:48.703 INFO  manager.MyListener - org.openqa.selenium.NoSuchElementException: no such element: Unable to locate element: {"method":"css selector","selector":"[data-test-id='create-board-submit-button']"}
  (Session info: chrome=98.0.4758.102)
For documentation on this error, please visit: https://www.seleniumhq.org/exceptions/no_such_element.html
Build info: version: '3.141.59', revision: 'e82be7d358', time: '2018-11-14T08:17:03'
System info: host: 'PKMONSTER', ip: '26.121.132.97', os.name: 'Windows 10', os.arch: 'amd64', os.version: '10.0', java.version: '11.0.13'
Driver info: org.openqa.selenium.chrome.ChromeDriver
Capabilities {acceptInsecureCerts: false, browserName: chrome, browserVersion: 98.0.4758.102, chrome: {chromedriverVersion: 98.0.4758.102 (273bf7ac8c90..., userDataDir: C:\Users\User\AppData\Local...}, goog:chromeOptions: {debuggerAddress: localhost:61140}, javascriptEnabled: true, networkConnectionEnabled: false, pageLoadStrategy: normal, platform: WINDOWS, platformName: WINDOWS, proxy: Proxy(), setWindowRect: true, strictFileInteractability: false, timeouts: {implicit: 0, pageLoad: 300000, script: 30000}, unhandledPromptBehavior: dismiss and notify, webauthn:extension:credBlob: true, webauthn:extension:largeBlob: true, webauthn:virtualAuthenticators: true}
Session ID: 00bbd974b300ca68409125688a575c88
*** Element info: {Using=css selector, value=[data-test-id='create-board-submit-button']}
19:07:48.705 INFO  manager.MyListener - This is a link of 'your screen' with errorsrc/test/screenshots/screen468.png
19:07:48.900 INFO  tests_trello.TestBase - ****************************************************************
19:07:48.900 INFO  tests_trello.TestBase - Start test--->boardCreationTest2
19:07:48.900 INFO  manager.MyListener - The element with locator---> By.cssSelector: .boards-page-board-section-list-item
19:07:48.908 INFO  manager.MyListener - The element with locator---> By.cssSelector: .boards-page-board-section-list-item was found
19:07:48.908 INFO  manager.MyListener - The element with locator---> By.xpath: //*[contains(@class,'icon-clock')]/../../..//li
19:07:48.916 INFO  manager.MyListener - The element with locator---> By.xpath: //*[contains(@class,'icon-clock')]/../../..//li was found
19:07:48.916 INFO  manager.MyListener - The element with locator---> By.cssSelector: [data-test-id='header-create-menu-button']
19:07:48.924 INFO  manager.MyListener - The element with locator---> By.cssSelector: [data-test-id='header-create-menu-button'] was found
19:07:48.960 INFO  manager.MyListener - The element with locator---> By.cssSelector: [aria-label='BoardIcon']
19:07:48.971 INFO  manager.MyListener - The element with locator---> By.cssSelector: [aria-label='BoardIcon'] was found
19:07:49.012 INFO  manager.MyListener - The element with locator---> By.cssSelector: [data-test-id='create-board-title-input']
19:07:49.019 INFO  manager.MyListener - The element with locator---> By.cssSelector: [data-test-id='create-board-title-input'] was found
19:07:49.042 INFO  manager.MyListener - The element with locator---> By.cssSelector: [data-test-id='create-board-title-input']
19:07:49.047 INFO  manager.MyListener - The element with locator---> By.cssSelector: [data-test-id='create-board-title-input'] was found
19:07:49.062 INFO  manager.MyListener - The element with locator---> By.cssSelector: [data-test-id='create-board-title-input']
19:07:49.067 INFO  manager.MyListener - The element with locator---> By.cssSelector: [data-test-id='create-board-title-input'] was found
19:07:49.116 INFO  manager.MyListener - The element with locator---> By.cssSelector: [data-test-id='header-create-menu-popover']
19:07:49.125 INFO  manager.MyListener - The element with locator---> By.cssSelector: [data-test-id='header-create-menu-popover'] was found
19:07:49.138 INFO  manager.MyListener - We have a throwable--> move target out of bounds
  (Session info: chrome=98.0.4758.102)
Build info: version: '3.141.59', revision: 'e82be7d358', time: '2018-11-14T08:17:03'
System info: host: 'PKMONSTER', ip: '26.121.132.97', os.name: 'Windows 10', os.arch: 'amd64', os.version: '10.0', java.version: '11.0.13'
Driver info: org.openqa.selenium.chrome.ChromeDriver
Capabilities {acceptInsecureCerts: false, browserName: chrome, browserVersion: 98.0.4758.102, chrome: {chromedriverVersion: 98.0.4758.102 (273bf7ac8c90..., userDataDir: C:\Users\User\AppData\Local...}, goog:chromeOptions: {debuggerAddress: localhost:61140}, javascriptEnabled: true, networkConnectionEnabled: false, pageLoadStrategy: normal, platform: WINDOWS, platformName: WINDOWS, proxy: Proxy(), setWindowRect: true, strictFileInteractability: false, timeouts: {implicit: 0, pageLoad: 300000, script: 30000}, unhandledPromptBehavior: dismiss and notify, webauthn:extension:credBlob: true, webauthn:extension:largeBlob: true, webauthn:virtualAuthenticators: true}
Session ID: 00bbd974b300ca68409125688a575c88
19:07:49.138 INFO  manager.MyListener - org.openqa.selenium.interactions.MoveTargetOutOfBoundsException: move target out of bounds
  (Session info: chrome=98.0.4758.102)
Build info: version: '3.141.59', revision: 'e82be7d358', time: '2018-11-14T08:17:03'
System info: host: 'PKMONSTER', ip: '26.121.132.97', os.name: 'Windows 10', os.arch: 'amd64', os.version: '10.0', java.version: '11.0.13'
Driver info: org.openqa.selenium.chrome.ChromeDriver
Capabilities {acceptInsecureCerts: false, browserName: chrome, browserVersion: 98.0.4758.102, chrome: {chromedriverVersion: 98.0.4758.102 (273bf7ac8c90..., userDataDir: C:\Users\User\AppData\Local...}, goog:chromeOptions: {debuggerAddress: localhost:61140}, javascriptEnabled: true, networkConnectionEnabled: false, pageLoadStrategy: normal, platform: WINDOWS, platformName: WINDOWS, proxy: Proxy(), setWindowRect: true, strictFileInteractability: false, timeouts: {implicit: 0, pageLoad: 300000, script: 30000}, unhandledPromptBehavior: dismiss and notify, webauthn:extension:credBlob: true, webauthn:extension:largeBlob: true, webauthn:virtualAuthenticators: true}
Session ID: 00bbd974b300ca68409125688a575c88
19:07:49.138 INFO  manager.MyListener - This is a link of 'your screen' with errorsrc/test/screenshots/screen469.png
19:07:49.343 INFO  tests_trello.TestBase - ****************************************************************
19:07:49.345 INFO  manager.ApplicationManager - Tests are finished
