19:20:18.866 INFO  i.g.bonigarcia.wdm.WebDriverManager - Using chromedriver 98.0.4758.102 (resolved driver for Chrome 98)
19:20:18.881 INFO  i.g.bonigarcia.wdm.WebDriverManager - Exporting webdriver.chrome.driver as C:\Users\User\.cache\selenium\chromedriver\win32\98.0.4758.102\chromedriver.exe
19:20:20.136 INFO  manager.ApplicationManager - Tests start
19:20:39.156 INFO  tests_trello.TestBase - Start test--->boardCreationTest
19:20:39.166 INFO  manager.MyListener - The element with locator---> By.cssSelector: .boards-page-board-section-list-item in search
19:20:39.196 INFO  manager.MyListener - The element with locator---> By.cssSelector: .boards-page-board-section-list-item was found
19:20:39.196 INFO  manager.MyListener - The element with locator---> By.xpath: //*[contains(@class,'icon-clock')]/../../..//li in search
19:20:47.257 INFO  manager.MyListener - The element with locator---> By.xpath: //*[contains(@class,'icon-clock')]/../../..//li was found
19:20:47.257 INFO  manager.MyListener - The element with locator---> By.cssSelector: [data-test-id='header-create-menu-button'] in search
19:20:47.276 INFO  manager.MyListener - The element with locator---> By.cssSelector: [data-test-id='header-create-menu-button'] was found
19:20:47.339 INFO  manager.MyListener - The element with locator---> By.cssSelector: [aria-label='BoardIcon'] in search
19:20:47.362 INFO  manager.MyListener - The element with locator---> By.cssSelector: [aria-label='BoardIcon'] was found
19:20:47.417 INFO  manager.MyListener - The element with locator---> By.cssSelector: [data-test-id='create-board-title-input'] in search
19:20:47.427 INFO  manager.MyListener - The element with locator---> By.cssSelector: [data-test-id='create-board-title-input'] was found
19:20:47.448 INFO  manager.MyListener - The element with locator---> By.cssSelector: [data-test-id='create-board-title-input'] in search
19:20:47.454 INFO  manager.MyListener - The element with locator---> By.cssSelector: [data-test-id='create-board-title-input'] was found
19:20:47.468 INFO  manager.MyListener - The element with locator---> By.cssSelector: [data-test-id='create-board-title-input'] in search
19:20:47.474 INFO  manager.MyListener - The element with locator---> By.cssSelector: [data-test-id='create-board-title-input'] was found
19:20:47.525 INFO  manager.MyListener - The element with locator---> By.cssSelector: [data-test-id='header-create-menu-popover'] in search
19:20:47.534 INFO  manager.MyListener - The element with locator---> By.cssSelector: [data-test-id='header-create-menu-popover'] was found
19:20:47.755 INFO  manager.MyListener - The element with locator---> By.cssSelector: [data-test-id='create-board-submit-button'] in search
19:20:47.761 INFO  manager.MyListener - The element with locator---> By.cssSelector: [data-test-id='create-board-submit-button'] was found
19:20:48.298 INFO  manager.MyListener - The element with locator---> By.cssSelector: [data-test-id='create-board-submit-button'] in search
19:20:48.304 INFO  manager.MyListener - The element with locator---> By.cssSelector: [data-test-id='create-board-submit-button'] was found
19:20:48.334 INFO  manager.MyListener - The element with locator---> By.cssSelector: .list-name-input in search
19:20:49.165 INFO  manager.MyListener - The element with locator---> By.cssSelector: .list-name-input was found
19:20:49.222 INFO  manager.MyListener - The element with locator---> By.cssSelector: .list-name-input in search
19:20:49.268 INFO  manager.MyListener - The element with locator---> By.cssSelector: .list-name-input was found
19:20:49.277 INFO  manager.MyListener - The element with locator---> By.cssSelector: ._2ft40Nx3NZII2i in search
19:20:49.285 INFO  manager.MyListener - The element with locator---> By.cssSelector: ._2ft40Nx3NZII2i was found
19:20:49.359 INFO  manager.MyListener - The element with locator---> By.cssSelector: .boards-page-board-section-list-item in search
19:20:49.668 INFO  manager.MyListener - The element with locator---> By.cssSelector: .boards-page-board-section-list-item was found
19:20:49.669 INFO  manager.MyListener - The element with locator---> By.xpath: //*[contains(@class,'icon-clock')]/../../..//li in search
19:20:49.676 INFO  manager.MyListener - The element with locator---> By.xpath: //*[contains(@class,'icon-clock')]/../../..//li was found
19:20:49.679 INFO  tests_trello.TestBase - ****************************************************************
19:20:49.681 INFO  tests_trello.TestBase - Start test--->testBoardDeletion
19:20:49.681 INFO  manager.MyListener - The element with locator---> By.cssSelector: .boards-page-board-section-list-item in search
19:20:49.687 INFO  manager.MyListener - The element with locator---> By.cssSelector: .boards-page-board-section-list-item was found
19:20:49.687 INFO  manager.MyListener - The element with locator---> By.xpath: //*[contains(@class,'icon-clock')]/../../..//li in search
19:20:49.692 INFO  manager.MyListener - The element with locator---> By.xpath: //*[contains(@class,'icon-clock')]/../../..//li was found
19:20:49.692 INFO  manager.MyListener - The element with locator---> By.cssSelector: .boards-page-board-section-list-item in search
19:20:49.700 INFO  manager.MyListener - The element with locator---> By.cssSelector: .boards-page-board-section-list-item was found
19:20:49.823 INFO  manager.MyListener - The element with locator---> By.cssSelector: .js-show-sidebar in search
19:20:49.894 INFO  manager.MyListener - The element with locator---> By.cssSelector: .js-show-sidebar was found
19:20:49.937 INFO  manager.MyListener - The element with locator---> By.cssSelector: .js-open-more in search
19:20:49.958 INFO  manager.MyListener - The element with locator---> By.cssSelector: .js-open-more was found
19:20:50.016 INFO  manager.MyListener - The element with locator---> By.cssSelector: .js-close-board in search
19:20:50.023 INFO  manager.MyListener - The element with locator---> By.cssSelector: .js-close-board was found
19:20:50.155 INFO  manager.MyListener - The element with locator---> By.cssSelector: .js-confirm in search
19:20:50.166 INFO  manager.MyListener - The element with locator---> By.cssSelector: .js-confirm was found
19:20:50.192 INFO  manager.MyListener - The element with locator---> By.cssSelector: [data-test-id='close-board-delete-board-button'] in search
19:20:50.636 INFO  manager.MyListener - The element with locator---> By.cssSelector: [data-test-id='close-board-delete-board-button'] was found
19:20:55.661 INFO  manager.MyListener - The element with locator---> By.cssSelector: [data-test-id='close-board-delete-board-confirm-button'] in search
19:20:55.686 INFO  manager.MyListener - The element with locator---> By.cssSelector: [data-test-id='close-board-delete-board-confirm-button'] was found
19:20:55.730 INFO  manager.MyListener - The element with locator---> By.cssSelector: .boards-page-board-section-list-item in search
19:20:56.548 INFO  manager.MyListener - The element with locator---> By.cssSelector: .boards-page-board-section-list-item was found
19:20:56.548 INFO  manager.MyListener - The element with locator---> By.xpath: //*[contains(@class,'icon-clock')]/../../..//li in search
19:21:04.566 INFO  manager.MyListener - The element with locator---> By.xpath: //*[contains(@class,'icon-clock')]/../../..//li was found
19:21:04.566 INFO  tests_trello.TestBase - ****************************************************************
19:21:04.566 INFO  tests_trello.TestBase - Start test--->cardCreation
19:21:04.566 INFO  manager.MyListener - The element with locator---> By.cssSelector: .boards-page-board-section-list-item in search
19:21:04.591 INFO  manager.MyListener - The element with locator---> By.cssSelector: .boards-page-board-section-list-item was found
19:21:04.684 INFO  manager.MyListener - The element with locator---> By.cssSelector: .js-add-list in search
19:21:05.125 INFO  manager.MyListener - The element with locator---> By.cssSelector: .js-add-list was found
19:21:05.178 INFO  manager.MyListener - The element with locator---> By.cssSelector: .list-name-input in search
19:21:05.196 INFO  manager.MyListener - The element with locator---> By.cssSelector: .list-name-input was found
19:21:05.223 INFO  manager.MyListener - The element with locator---> By.cssSelector: .list-name-input in search
19:21:05.227 INFO  manager.MyListener - The element with locator---> By.cssSelector: .list-name-input was found
19:21:05.243 INFO  manager.MyListener - The element with locator---> By.cssSelector: .list-name-input in search
19:21:05.249 INFO  manager.MyListener - The element with locator---> By.cssSelector: .list-name-input was found
19:21:05.272 INFO  manager.MyListener - The element with locator---> By.cssSelector: .js-save-edit in search
19:21:05.279 INFO  manager.MyListener - The element with locator---> By.cssSelector: .js-save-edit was found
19:21:05.312 INFO  manager.MyListener - The element with locator---> By.cssSelector: .js-add-a-card in search
19:21:05.322 INFO  manager.MyListener - The element with locator---> By.cssSelector: .js-add-a-card was found
19:21:05.343 INFO  manager.MyListener - The element with locator---> By.cssSelector: .js-card-title in search
19:21:05.355 INFO  manager.MyListener - The element with locator---> By.cssSelector: .js-card-title was found
19:21:05.376 INFO  manager.MyListener - The element with locator---> By.cssSelector: .js-card-title in search
19:21:05.380 INFO  manager.MyListener - The element with locator---> By.cssSelector: .js-card-title was found
19:21:05.392 INFO  manager.MyListener - The element with locator---> By.cssSelector: .js-card-title in search
19:21:05.397 INFO  manager.MyListener - The element with locator---> By.cssSelector: .js-card-title was found
19:21:05.421 INFO  manager.MyListener - The element with locator---> By.cssSelector: .js-cc-menu in search
19:21:05.426 INFO  manager.MyListener - The element with locator---> By.cssSelector: .js-cc-menu was found
19:21:05.453 INFO  manager.MyListener - The element with locator---> By.cssSelector: .js-label-selector in search
19:21:05.461 INFO  manager.MyListener - The element with locator---> By.cssSelector: .js-label-selector was found
19:21:05.487 INFO  manager.MyListener - The element with locator---> By.cssSelector: [data-color='green'] in search
19:21:05.497 INFO  manager.MyListener - The element with locator---> By.cssSelector: [data-color='green'] was found
19:21:05.520 INFO  manager.MyListener - The element with locator---> By.cssSelector: .js-add-card in search
19:21:05.526 INFO  manager.MyListener - The element with locator---> By.cssSelector: .js-add-card was found
19:21:05.559 INFO  tests_trello.TestBase - ****************************************************************
19:21:05.560 INFO  tests_trello.TestBase - Start test--->loginTest1
19:21:05.560 INFO  manager.MyListener - The element with locator---> By.cssSelector: [data-test-id='header-member-menu-button' in search
19:21:05.582 INFO  manager.MyListener - The element with locator---> By.cssSelector: [data-test-id='header-member-menu-button' was found
19:21:05.582 INFO  manager.MyListener - The element with locator---> By.cssSelector: [data-test-id='header-member-menu-button' in search
19:21:05.589 INFO  manager.MyListener - The element with locator---> By.cssSelector: [data-test-id='header-member-menu-button' was found
19:21:05.624 INFO  manager.MyListener - The element with locator---> By.cssSelector: [data-test-id='header-member-menu-logout'] in search
19:21:05.685 INFO  manager.MyListener - The element with locator---> By.cssSelector: [data-test-id='header-member-menu-logout'] was found
19:21:07.286 INFO  manager.MyListener - The element with locator---> By.cssSelector: [data-testid='logout-button'] in search
19:21:07.295 INFO  manager.MyListener - The element with locator---> By.cssSelector: [data-testid='logout-button'] was found
19:21:07.872 INFO  tests_trello.TestBase - Test login Positive 1ol-dyom@yandex.ru Frencis8534@
19:21:07.872 INFO  manager.MyListener - The element with locator---> By.cssSelector: [href='/login'] in search
19:21:11.621 INFO  manager.MyListener - The element with locator---> By.cssSelector: [href='/login'] was found
19:21:11.652 INFO  manager.MyListener - The element with locator---> By.cssSelector: #user in search
19:21:12.275 INFO  manager.MyListener - The element with locator---> By.cssSelector: #user was found
19:21:12.298 INFO  manager.MyListener - The element with locator---> By.cssSelector: #user in search
19:21:12.302 INFO  manager.MyListener - The element with locator---> By.cssSelector: #user was found
19:21:12.321 INFO  manager.MyListener - The element with locator---> By.cssSelector: #user in search
19:21:12.326 INFO  manager.MyListener - The element with locator---> By.cssSelector: #user was found
19:21:17.346 INFO  manager.MyListener - The element with locator---> By.cssSelector: #login in search
19:21:17.366 INFO  manager.MyListener - The element with locator---> By.cssSelector: #login was found
19:21:18.109 INFO  manager.MyListener - The element with locator---> By.cssSelector: #password in search
19:21:18.117 INFO  manager.MyListener - The element with locator---> By.cssSelector: #password was found
19:21:18.298 INFO  manager.MyListener - The element with locator---> By.cssSelector: #password in search
19:21:18.303 INFO  manager.MyListener - The element with locator---> By.cssSelector: #password was found
19:21:18.316 INFO  manager.MyListener - The element with locator---> By.cssSelector: #password in search
19:21:18.321 INFO  manager.MyListener - The element with locator---> By.cssSelector: #password was found
19:21:18.352 INFO  manager.MyListener - The element with locator---> By.cssSelector: #login-submit in search
19:21:18.359 INFO  manager.MyListener - The element with locator---> By.cssSelector: #login-submit was found
19:21:18.387 INFO  manager.MyListener - The element with locator---> By.cssSelector: ._2ft40Nx3NZII2i in search
19:21:22.035 INFO  manager.MyListener - The element with locator---> By.cssSelector: ._2ft40Nx3NZII2i was found
19:21:22.046 INFO  manager.MyListener - The element with locator---> By.cssSelector: ._2ft40Nx3NZII2i in search
19:21:22.051 INFO  manager.MyListener - The element with locator---> By.cssSelector: ._2ft40Nx3NZII2i was found
19:21:22.060 INFO  manager.MyListener - The element with locator---> By.cssSelector: ._2ft40Nx3NZII2i in search
19:21:22.067 INFO  manager.MyListener - The element with locator---> By.cssSelector: ._2ft40Nx3NZII2i was found
19:21:22.088 INFO  manager.MyListener - The element with locator---> By.cssSelector: ._2ft40Nx3NZII2i in search
19:21:22.093 INFO  manager.MyListener - The element with locator---> By.cssSelector: ._2ft40Nx3NZII2i was found
19:21:22.101 INFO  tests_trello.TestBase - ****************************************************************
19:21:22.102 INFO  tests_trello.TestBase - Start test--->testChangeAvatar
19:21:22.102 INFO  manager.MyListener - The element with locator---> By.cssSelector: [data-test-id='header-member-menu-button' in search
19:21:22.110 INFO  manager.MyListener - The element with locator---> By.cssSelector: [data-test-id='header-member-menu-button' was found
19:21:22.146 INFO  manager.MyListener - The element with locator---> By.cssSelector: [data-test-id='header-member-menu-profile'] in search
19:21:22.171 INFO  manager.MyListener - The element with locator---> By.cssSelector: [data-test-id='header-member-menu-profile'] was found
19:21:22.212 INFO  manager.MyListener - The element with locator---> By.cssSelector: [href$='manage-profile'] in search
19:21:22.678 INFO  manager.MyListener - The element with locator---> By.cssSelector: [href$='manage-profile'] was found
19:21:29.746 INFO  manager.MyListener - The element with locator---> By.cssSelector: [data-test-selector='profile-hover-info'] in search
19:21:29.759 INFO  manager.MyListener - The element with locator---> By.cssSelector: [data-test-selector='profile-hover-info'] was found
19:21:29.759 INFO  manager.MyListener - The element with locator---> By.cssSelector: .css-1ujqpe8 in search
19:21:29.776 INFO  manager.MyListener - The element with locator---> By.cssSelector: .css-1ujqpe8 was found
19:21:30.044 INFO  manager.MyListener - The element with locator---> By.xpath: //*[@role='menuitem'] [1] in search
19:21:30.054 INFO  manager.MyListener - The element with locator---> By.xpath: //*[@role='menuitem'] [1] was found
19:21:30.117 INFO  manager.MyListener - The element with locator---> By.cssSelector: [id='image-input'] in search
19:21:30.124 INFO  manager.MyListener - The element with locator---> By.cssSelector: [id='image-input'] was found
19:21:33.156 INFO  manager.MyListener - The element with locator---> By.xpath: //div[@class='sc-hgRTRy eovPat']//button[1] in search
19:21:33.176 INFO  manager.MyListener - The element with locator---> By.xpath: //div[@class='sc-hgRTRy eovPat']//button[1] was found
19:21:38.306 INFO  tests_trello.TestBase - ****************************************************************
19:21:38.306 INFO  manager.ApplicationManager - Tests are finished
