20:39:36.570 INFO  i.g.bonigarcia.wdm.WebDriverManager - Using chromedriver 98.0.4758.102 (resolved driver for Chrome 98)
20:39:36.583 INFO  i.g.bonigarcia.wdm.WebDriverManager - Exporting webdriver.chrome.driver as C:\Users\User\.cache\selenium\chromedriver\win32\98.0.4758.102\chromedriver.exe
20:39:37.810 INFO  manager.ApplicationManager - All tests start in 'Chrome' browser
20:39:37.810 INFO  manager.ApplicationManager - Tests start
20:39:57.989 INFO  tests_trello.TestBase - Start test--->cardCreation
20:39:57.992 INFO  manager.MyListener - The element with locator---> By.cssSelector: .boards-page-board-section-list-item in search
20:39:58.002 INFO  manager.MyListener - The element with locator---> By.cssSelector: .boards-page-board-section-list-item was found
20:39:58.063 INFO  manager.MyListener - The element with locator---> By.cssSelector: .js-add-list in search
20:40:06.115 INFO  manager.MyListener - We have a throwable--> no such element: Unable to locate element: {"method":"css selector","selector":".js-add-list"}
  (Session info: chrome=98.0.4758.102)
For documentation on this error, please visit: https://www.seleniumhq.org/exceptions/no_such_element.html
Build info: version: '3.141.59', revision: 'e82be7d358', time: '2018-11-14T08:17:03'
System info: host: 'PKMONSTER', ip: '26.121.132.97', os.name: 'Windows 10', os.arch: 'amd64', os.version: '10.0', java.version: '11.0.13'
Driver info: org.openqa.selenium.chrome.ChromeDriver
Capabilities {acceptInsecureCerts: false, browserName: chrome, browserVersion: 98.0.4758.102, chrome: {chromedriverVersion: 98.0.4758.102 (273bf7ac8c90..., userDataDir: C:\Users\User\AppData\Local...}, goog:chromeOptions: {debuggerAddress: localhost:54486}, javascriptEnabled: true, networkConnectionEnabled: false, pageLoadStrategy: normal, platform: WINDOWS, platformName: WINDOWS, proxy: Proxy(), setWindowRect: true, strictFileInteractability: false, timeouts: {implicit: 0, pageLoad: 300000, script: 30000}, unhandledPromptBehavior: dismiss and notify, webauthn:extension:credBlob: true, webauthn:extension:largeBlob: true, webauthn:virtualAuthenticators: true}
Session ID: 18c9e8057f234dd3b5719f26da14f42c
*** Element info: {Using=css selector, value=.js-add-list}
20:40:06.116 INFO  manager.MyListener - org.openqa.selenium.NoSuchElementException: no such element: Unable to locate element: {"method":"css selector","selector":".js-add-list"}
  (Session info: chrome=98.0.4758.102)
For documentation on this error, please visit: https://www.seleniumhq.org/exceptions/no_such_element.html
Build info: version: '3.141.59', revision: 'e82be7d358', time: '2018-11-14T08:17:03'
System info: host: 'PKMONSTER', ip: '26.121.132.97', os.name: 'Windows 10', os.arch: 'amd64', os.version: '10.0', java.version: '11.0.13'
Driver info: org.openqa.selenium.chrome.ChromeDriver
Capabilities {acceptInsecureCerts: false, browserName: chrome, browserVersion: 98.0.4758.102, chrome: {chromedriverVersion: 98.0.4758.102 (273bf7ac8c90..., userDataDir: C:\Users\User\AppData\Local...}, goog:chromeOptions: {debuggerAddress: localhost:54486}, javascriptEnabled: true, networkConnectionEnabled: false, pageLoadStrategy: normal, platform: WINDOWS, platformName: WINDOWS, proxy: Proxy(), setWindowRect: true, strictFileInteractability: false, timeouts: {implicit: 0, pageLoad: 300000, script: 30000}, unhandledPromptBehavior: dismiss and notify, webauthn:extension:credBlob: true, webauthn:extension:largeBlob: true, webauthn:virtualAuthenticators: true}
Session ID: 18c9e8057f234dd3b5719f26da14f42c
*** Element info: {Using=css selector, value=.js-add-list}
20:40:06.118 INFO  manager.MyListener - This is a link of 'your screen' with errorsrc/test/screenshots/screen2406.png
20:40:06.290 INFO  tests_trello.TestBase - ****************************************************************
20:40:06.291 INFO  manager.ApplicationManager - Tests are finished
