18:20:28.552 INFO  i.g.bonigarcia.wdm.WebDriverManager - Using chromedriver 98.0.4758.102 (resolved driver for Chrome 98)
18:20:28.565 INFO  i.g.bonigarcia.wdm.WebDriverManager - Exporting webdriver.chrome.driver as C:\Users\User\.cache\selenium\chromedriver\win32\98.0.4758.102\chromedriver.exe
18:20:29.785 INFO  manager.ApplicationManager - Tests start
18:20:48.631 INFO  tests_trello.TestBase - Start test--->testBoardDeletion
18:20:48.634 INFO  manager.MyListener - The element with locator---> By.cssSelector: .boards-page-board-section-list-item in search
18:20:48.648 INFO  manager.MyListener - The element with locator---> By.cssSelector: .boards-page-board-section-list-item was found
18:20:48.648 INFO  manager.MyListener - The element with locator---> By.xpath: //*[contains(@class,'icon-clock')]/../../..//li in search
18:20:56.653 INFO  manager.MyListener - The element with locator---> By.xpath: //*[contains(@class,'icon-clock')]/../../..//li was found
18:20:56.653 INFO  manager.MyListener - The element with locator---> By.cssSelector: .boards-page-board-section-list-item in search
18:20:56.662 INFO  manager.MyListener - The element with locator---> By.cssSelector: .boards-page-board-section-list-item was found
18:20:56.762 INFO  manager.MyListener - The element with locator---> By.cssSelector: .js-show-sidebar in search
18:20:57.189 INFO  manager.MyListener - The element with locator---> By.cssSelector: .js-show-sidebar was found
18:20:57.274 INFO  manager.MyListener - The element with locator---> By.cssSelector: .js-open-more in search
18:20:57.284 INFO  manager.MyListener - The element with locator---> By.cssSelector: .js-open-more was found
18:20:57.345 INFO  manager.MyListener - The element with locator---> By.cssSelector: .js-close-board in search
18:20:57.353 INFO  manager.MyListener - The element with locator---> By.cssSelector: .js-close-board was found
18:20:57.485 INFO  manager.MyListener - The element with locator---> By.cssSelector: .js-confirm in search
18:20:57.495 INFO  manager.MyListener - The element with locator---> By.cssSelector: .js-confirm was found
18:20:57.525 INFO  manager.MyListener - The element with locator---> By.cssSelector: [data-test-id='close-board-delete-board-button'] in search
18:20:57.933 INFO  manager.MyListener - The element with locator---> By.cssSelector: [data-test-id='close-board-delete-board-button'] was found
18:21:02.965 INFO  manager.MyListener - The element with locator---> By.cssSelector: [data-test-id='close-board-delete-board-confirm-button'] in search
18:21:02.973 INFO  manager.MyListener - The element with locator---> By.cssSelector: [data-test-id='close-board-delete-board-confirm-button'] was found
18:21:03.002 INFO  manager.MyListener - The element with locator---> By.cssSelector: .boards-page-board-section-list-item in search
18:21:03.848 INFO  manager.MyListener - The element with locator---> By.cssSelector: .boards-page-board-section-list-item was found
18:21:03.848 INFO  manager.MyListener - The element with locator---> By.xpath: //*[contains(@class,'icon-clock')]/../../..//li in search
18:21:11.856 INFO  manager.MyListener - The element with locator---> By.xpath: //*[contains(@class,'icon-clock')]/../../..//li was found
18:21:11.858 INFO  tests_trello.TestBase - ****************************************************************
18:21:11.859 INFO  manager.ApplicationManager - Tests are finished
