19:03:49.506 INFO  i.g.bonigarcia.wdm.WebDriverManager - Using chromedriver 98.0.4758.102 (resolved driver for Chrome 98)
19:03:49.520 INFO  i.g.bonigarcia.wdm.WebDriverManager - Exporting webdriver.chrome.driver as C:\Users\User\.cache\selenium\chromedriver\win32\98.0.4758.102\chromedriver.exe
19:03:50.727 INFO  manager.ApplicationManager - Tests start
19:04:11.418 INFO  tests_trello.TestBase - Start test--->boardCreationTest2
19:04:11.420 INFO  manager.MyListener - The element with locator---> By.cssSelector: .boards-page-board-section-list-item
19:04:11.434 INFO  manager.MyListener - The element with locator---> By.cssSelector: .boards-page-board-section-list-item was found
19:04:11.434 INFO  manager.MyListener - The element with locator---> By.xpath: //*[contains(@class,'icon-clock')]/../../..//li
19:04:19.441 INFO  manager.MyListener - The element with locator---> By.xpath: //*[contains(@class,'icon-clock')]/../../..//li was found
19:04:19.441 INFO  manager.MyListener - The element with locator---> By.cssSelector: [data-test-id='header-create-menu-button']
19:04:19.453 INFO  manager.MyListener - The element with locator---> By.cssSelector: [data-test-id='header-create-menu-button'] was found
19:04:19.495 INFO  manager.MyListener - The element with locator---> By.cssSelector: [aria-label='BoardIcon']
19:04:19.555 INFO  manager.MyListener - The element with locator---> By.cssSelector: [aria-label='BoardIcon'] was found
19:04:19.602 INFO  manager.MyListener - The element with locator---> By.cssSelector: [data-test-id='create-board-title-input']
19:04:19.613 INFO  manager.MyListener - The element with locator---> By.cssSelector: [data-test-id='create-board-title-input'] was found
19:04:19.637 INFO  manager.MyListener - The element with locator---> By.cssSelector: [data-test-id='create-board-title-input']
19:04:19.643 INFO  manager.MyListener - The element with locator---> By.cssSelector: [data-test-id='create-board-title-input'] was found
19:04:19.657 INFO  manager.MyListener - The element with locator---> By.cssSelector: [data-test-id='create-board-title-input']
19:04:19.663 INFO  manager.MyListener - The element with locator---> By.cssSelector: [data-test-id='create-board-title-input'] was found
19:04:19.716 INFO  manager.MyListener - The element with locator---> By.cssSelector: [data-test-id='header-create-menu-popover']
19:04:19.723 INFO  manager.MyListener - The element with locator---> By.cssSelector: [data-test-id='header-create-menu-popover'] was found
19:04:22.949 INFO  manager.MyListener - The element with locator---> By.cssSelector: [data-test-id='create-board-submit-button']
19:04:22.957 INFO  manager.MyListener - The element with locator---> By.cssSelector: [data-test-id='create-board-submit-button'] was found
19:04:22.980 INFO  manager.MyListener - The element with locator---> By.cssSelector: [data-test-id='create-board-submit-button']
19:04:22.986 INFO  manager.MyListener - The element with locator---> By.cssSelector: [data-test-id='create-board-submit-button'] was found
19:04:23.027 INFO  manager.MyListener - The element with locator---> By.cssSelector: .list-name-input
19:04:23.903 INFO  manager.MyListener - The element with locator---> By.cssSelector: .list-name-input was found
19:04:23.965 INFO  manager.MyListener - The element with locator---> By.cssSelector: .list-name-input
19:04:23.995 INFO  manager.MyListener - The element with locator---> By.cssSelector: .list-name-input was found
19:04:24.003 INFO  manager.MyListener - The element with locator---> By.cssSelector: ._2ft40Nx3NZII2i
19:04:24.011 INFO  manager.MyListener - The element with locator---> By.cssSelector: ._2ft40Nx3NZII2i was found
19:04:24.088 INFO  manager.MyListener - The element with locator---> By.cssSelector: .boards-page-board-section-list-item
19:04:24.448 INFO  manager.MyListener - The element with locator---> By.cssSelector: .boards-page-board-section-list-item was found
19:04:24.449 INFO  manager.MyListener - The element with locator---> By.xpath: //*[contains(@class,'icon-clock')]/../../..//li
19:04:24.454 INFO  manager.MyListener - The element with locator---> By.xpath: //*[contains(@class,'icon-clock')]/../../..//li was found
19:04:24.457 INFO  tests_trello.TestBase - ****************************************************************
19:04:24.457 INFO  tests_trello.TestBase - Start test--->boardCreationTest2
19:04:24.458 INFO  manager.MyListener - The element with locator---> By.cssSelector: .boards-page-board-section-list-item
19:04:24.464 INFO  manager.MyListener - The element with locator---> By.cssSelector: .boards-page-board-section-list-item was found
19:04:24.464 INFO  manager.MyListener - The element with locator---> By.xpath: //*[contains(@class,'icon-clock')]/../../..//li
19:04:24.468 INFO  manager.MyListener - The element with locator---> By.xpath: //*[contains(@class,'icon-clock')]/../../..//li was found
19:04:24.468 INFO  manager.MyListener - The element with locator---> By.cssSelector: [data-test-id='header-create-menu-button']
19:04:24.473 INFO  manager.MyListener - The element with locator---> By.cssSelector: [data-test-id='header-create-menu-button'] was found
19:04:24.506 INFO  manager.MyListener - The element with locator---> By.cssSelector: [aria-label='BoardIcon']
19:04:24.521 INFO  manager.MyListener - The element with locator---> By.cssSelector: [aria-label='BoardIcon'] was found
19:04:24.562 INFO  manager.MyListener - The element with locator---> By.cssSelector: [data-test-id='create-board-title-input']
19:04:24.603 INFO  manager.MyListener - The element with locator---> By.cssSelector: [data-test-id='create-board-title-input'] was found
19:04:24.626 INFO  manager.MyListener - The element with locator---> By.cssSelector: [data-test-id='create-board-title-input']
19:04:24.630 INFO  manager.MyListener - The element with locator---> By.cssSelector: [data-test-id='create-board-title-input'] was found
19:04:24.643 INFO  manager.MyListener - The element with locator---> By.cssSelector: [data-test-id='create-board-title-input']
19:04:24.648 INFO  manager.MyListener - The element with locator---> By.cssSelector: [data-test-id='create-board-title-input'] was found
19:04:24.703 INFO  manager.MyListener - The element with locator---> By.cssSelector: [data-test-id='header-create-menu-popover']
19:04:24.709 INFO  manager.MyListener - The element with locator---> By.cssSelector: [data-test-id='header-create-menu-popover'] was found
19:04:27.936 INFO  manager.MyListener - The element with locator---> By.cssSelector: [data-test-id='create-board-submit-button']
19:04:35.962 INFO  manager.MyListener - We have a throwable--> no such element: Unable to locate element: {"method":"css selector","selector":"[data-test-id='create-board-submit-button']"}
  (Session info: chrome=98.0.4758.102)
For documentation on this error, please visit: https://www.seleniumhq.org/exceptions/no_such_element.html
Build info: version: '3.141.59', revision: 'e82be7d358', time: '2018-11-14T08:17:03'
System info: host: 'PKMONSTER', ip: '26.121.132.97', os.name: 'Windows 10', os.arch: 'amd64', os.version: '10.0', java.version: '11.0.13'
Driver info: org.openqa.selenium.chrome.ChromeDriver
Capabilities {acceptInsecureCerts: false, browserName: chrome, browserVersion: 98.0.4758.102, chrome: {chromedriverVersion: 98.0.4758.102 (273bf7ac8c90..., userDataDir: C:\Users\User\AppData\Local...}, goog:chromeOptions: {debuggerAddress: localhost:60924}, javascriptEnabled: true, networkConnectionEnabled: false, pageLoadStrategy: normal, platform: WINDOWS, platformName: WINDOWS, proxy: Proxy(), setWindowRect: true, strictFileInteractability: false, timeouts: {implicit: 0, pageLoad: 300000, script: 30000}, unhandledPromptBehavior: dismiss and notify, webauthn:extension:credBlob: true, webauthn:extension:largeBlob: true, webauthn:virtualAuthenticators: true}
Session ID: 74521f18fb3147b3cd287643a882cc4e
*** Element info: {Using=css selector, value=[data-test-id='create-board-submit-button']}
19:04:35.962 INFO  manager.MyListener - org.openqa.selenium.NoSuchElementException: no such element: Unable to locate element: {"method":"css selector","selector":"[data-test-id='create-board-submit-button']"}
  (Session info: chrome=98.0.4758.102)
For documentation on this error, please visit: https://www.seleniumhq.org/exceptions/no_such_element.html
Build info: version: '3.141.59', revision: 'e82be7d358', time: '2018-11-14T08:17:03'
System info: host: 'PKMONSTER', ip: '26.121.132.97', os.name: 'Windows 10', os.arch: 'amd64', os.version: '10.0', java.version: '11.0.13'
Driver info: org.openqa.selenium.chrome.ChromeDriver
Capabilities {acceptInsecureCerts: false, browserName: chrome, browserVersion: 98.0.4758.102, chrome: {chromedriverVersion: 98.0.4758.102 (273bf7ac8c90..., userDataDir: C:\Users\User\AppData\Local...}, goog:chromeOptions: {debuggerAddress: localhost:60924}, javascriptEnabled: true, networkConnectionEnabled: false, pageLoadStrategy: normal, platform: WINDOWS, platformName: WINDOWS, proxy: Proxy(), setWindowRect: true, strictFileInteractability: false, timeouts: {implicit: 0, pageLoad: 300000, script: 30000}, unhandledPromptBehavior: dismiss and notify, webauthn:extension:credBlob: true, webauthn:extension:largeBlob: true, webauthn:virtualAuthenticators: true}
Session ID: 74521f18fb3147b3cd287643a882cc4e
*** Element info: {Using=css selector, value=[data-test-id='create-board-submit-button']}
19:04:35.964 INFO  manager.MyListener - This is a link of 'your screen' with errorsrc/test/screenshots/screen275.png
19:04:36.167 INFO  tests_trello.TestBase - ****************************************************************
19:04:36.167 INFO  tests_trello.TestBase - Start test--->boardCreationTest2
19:04:36.167 INFO  manager.MyListener - The element with locator---> By.cssSelector: .boards-page-board-section-list-item
19:04:36.175 INFO  manager.MyListener - The element with locator---> By.cssSelector: .boards-page-board-section-list-item was found
19:04:36.175 INFO  manager.MyListener - The element with locator---> By.xpath: //*[contains(@class,'icon-clock')]/../../..//li
19:04:36.184 INFO  manager.MyListener - The element with locator---> By.xpath: //*[contains(@class,'icon-clock')]/../../..//li was found
19:04:36.185 INFO  manager.MyListener - The element with locator---> By.cssSelector: [data-test-id='header-create-menu-button']
19:04:36.191 INFO  manager.MyListener - The element with locator---> By.cssSelector: [data-test-id='header-create-menu-button'] was found
19:04:36.228 INFO  manager.MyListener - The element with locator---> By.cssSelector: [aria-label='BoardIcon']
19:04:36.238 INFO  manager.MyListener - The element with locator---> By.cssSelector: [aria-label='BoardIcon'] was found
19:04:36.281 INFO  manager.MyListener - The element with locator---> By.cssSelector: [data-test-id='create-board-title-input']
19:04:36.289 INFO  manager.MyListener - The element with locator---> By.cssSelector: [data-test-id='create-board-title-input'] was found
19:04:36.313 INFO  manager.MyListener - The element with locator---> By.cssSelector: [data-test-id='create-board-title-input']
19:04:36.320 INFO  manager.MyListener - The element with locator---> By.cssSelector: [data-test-id='create-board-title-input'] was found
19:04:36.337 INFO  manager.MyListener - The element with locator---> By.cssSelector: [data-test-id='create-board-title-input']
19:04:36.341 INFO  manager.MyListener - The element with locator---> By.cssSelector: [data-test-id='create-board-title-input'] was found
19:04:36.390 INFO  manager.MyListener - The element with locator---> By.cssSelector: [data-test-id='header-create-menu-popover']
19:04:36.396 INFO  manager.MyListener - The element with locator---> By.cssSelector: [data-test-id='header-create-menu-popover'] was found
19:04:36.404 INFO  manager.MyListener - We have a throwable--> move target out of bounds
  (Session info: chrome=98.0.4758.102)
Build info: version: '3.141.59', revision: 'e82be7d358', time: '2018-11-14T08:17:03'
System info: host: 'PKMONSTER', ip: '26.121.132.97', os.name: 'Windows 10', os.arch: 'amd64', os.version: '10.0', java.version: '11.0.13'
Driver info: org.openqa.selenium.chrome.ChromeDriver
Capabilities {acceptInsecureCerts: false, browserName: chrome, browserVersion: 98.0.4758.102, chrome: {chromedriverVersion: 98.0.4758.102 (273bf7ac8c90..., userDataDir: C:\Users\User\AppData\Local...}, goog:chromeOptions: {debuggerAddress: localhost:60924}, javascriptEnabled: true, networkConnectionEnabled: false, pageLoadStrategy: normal, platform: WINDOWS, platformName: WINDOWS, proxy: Proxy(), setWindowRect: true, strictFileInteractability: false, timeouts: {implicit: 0, pageLoad: 300000, script: 30000}, unhandledPromptBehavior: dismiss and notify, webauthn:extension:credBlob: true, webauthn:extension:largeBlob: true, webauthn:virtualAuthenticators: true}
Session ID: 74521f18fb3147b3cd287643a882cc4e
19:04:36.404 INFO  manager.MyListener - org.openqa.selenium.interactions.MoveTargetOutOfBoundsException: move target out of bounds
  (Session info: chrome=98.0.4758.102)
Build info: version: '3.141.59', revision: 'e82be7d358', time: '2018-11-14T08:17:03'
System info: host: 'PKMONSTER', ip: '26.121.132.97', os.name: 'Windows 10', os.arch: 'amd64', os.version: '10.0', java.version: '11.0.13'
Driver info: org.openqa.selenium.chrome.ChromeDriver
Capabilities {acceptInsecureCerts: false, browserName: chrome, browserVersion: 98.0.4758.102, chrome: {chromedriverVersion: 98.0.4758.102 (273bf7ac8c90..., userDataDir: C:\Users\User\AppData\Local...}, goog:chromeOptions: {debuggerAddress: localhost:60924}, javascriptEnabled: true, networkConnectionEnabled: false, pageLoadStrategy: normal, platform: WINDOWS, platformName: WINDOWS, proxy: Proxy(), setWindowRect: true, strictFileInteractability: false, timeouts: {implicit: 0, pageLoad: 300000, script: 30000}, unhandledPromptBehavior: dismiss and notify, webauthn:extension:credBlob: true, webauthn:extension:largeBlob: true, webauthn:virtualAuthenticators: true}
Session ID: 74521f18fb3147b3cd287643a882cc4e
19:04:36.404 INFO  manager.MyListener - This is a link of 'your screen' with errorsrc/test/screenshots/screen276.png
19:04:36.588 INFO  tests_trello.TestBase - ****************************************************************
19:04:36.590 INFO  manager.ApplicationManager - Tests are finished
