19:04:27.118 INFO  i.g.bonigarcia.wdm.WebDriverManager - Using chromedriver 98.0.4758.102 (resolved driver for Chrome 98)
19:04:27.131 INFO  i.g.bonigarcia.wdm.WebDriverManager - Exporting webdriver.chrome.driver as C:\Users\User\.cache\selenium\chromedriver\win32\98.0.4758.102\chromedriver.exe
19:04:28.421 INFO  manager.ApplicationManager - Tests start
19:04:48.225 INFO  tests_trello.TestBase - Start test--->boardCreationTest
19:04:48.236 INFO  manager.MyListener - The element with locator---> By.cssSelector: .boards-page-board-section-list-item in search
19:04:48.266 INFO  manager.MyListener - The element with locator---> By.cssSelector: .boards-page-board-section-list-item was found
19:04:48.266 INFO  manager.MyListener - The element with locator---> By.xpath: //*[contains(@class,'icon-clock')]/../../..//li in search
19:04:56.326 INFO  manager.MyListener - The element with locator---> By.xpath: //*[contains(@class,'icon-clock')]/../../..//li was found
19:04:56.326 INFO  manager.MyListener - The element with locator---> By.cssSelector: [data-test-id='header-create-menu-button'] in search
19:04:56.346 INFO  manager.MyListener - The element with locator---> By.cssSelector: [data-test-id='header-create-menu-button'] was found
19:04:56.408 INFO  manager.MyListener - The element with locator---> By.cssSelector: [aria-label='BoardIcon'] in search
19:04:56.429 INFO  manager.MyListener - The element with locator---> By.cssSelector: [aria-label='BoardIcon'] was found
19:04:56.489 INFO  manager.MyListener - The element with locator---> By.cssSelector: [data-test-id='create-board-title-input'] in search
19:04:56.499 INFO  manager.MyListener - The element with locator---> By.cssSelector: [data-test-id='create-board-title-input'] was found
19:04:56.522 INFO  manager.MyListener - The element with locator---> By.cssSelector: [data-test-id='create-board-title-input'] in search
19:04:56.527 INFO  manager.MyListener - The element with locator---> By.cssSelector: [data-test-id='create-board-title-input'] was found
19:04:56.540 INFO  manager.MyListener - The element with locator---> By.cssSelector: [data-test-id='create-board-title-input'] in search
19:04:56.546 INFO  manager.MyListener - The element with locator---> By.cssSelector: [data-test-id='create-board-title-input'] was found
19:04:56.597 INFO  manager.MyListener - The element with locator---> By.cssSelector: [data-test-id='header-create-menu-popover'] in search
19:04:56.606 INFO  manager.MyListener - The element with locator---> By.cssSelector: [data-test-id='header-create-menu-popover'] was found
19:04:56.850 INFO  manager.MyListener - The element with locator---> By.cssSelector: [data-test-id='create-board-submit-button'] in search
19:04:56.858 INFO  manager.MyListener - The element with locator---> By.cssSelector: [data-test-id='create-board-submit-button'] was found
19:05:00.096 INFO  manager.MyListener - The element with locator---> By.cssSelector: [data-test-id='create-board-submit-button'] in search
19:05:00.114 INFO  manager.MyListener - The element with locator---> By.cssSelector: [data-test-id='create-board-submit-button'] was found
19:05:00.165 INFO  manager.MyListener - The element with locator---> By.cssSelector: .list-name-input in search
19:05:01.104 INFO  manager.MyListener - The element with locator---> By.cssSelector: .list-name-input was found
19:05:01.148 INFO  manager.MyListener - The element with locator---> By.cssSelector: .list-name-input in search
19:05:01.190 INFO  manager.MyListener - The element with locator---> By.cssSelector: .list-name-input was found
19:05:01.199 INFO  manager.MyListener - The element with locator---> By.cssSelector: ._2ft40Nx3NZII2i in search
19:05:01.207 INFO  manager.MyListener - The element with locator---> By.cssSelector: ._2ft40Nx3NZII2i was found
19:05:01.284 INFO  manager.MyListener - The element with locator---> By.cssSelector: .boards-page-board-section-list-item in search
19:05:01.615 INFO  manager.MyListener - The element with locator---> By.cssSelector: .boards-page-board-section-list-item was found
19:05:01.617 INFO  manager.MyListener - The element with locator---> By.xpath: //*[contains(@class,'icon-clock')]/../../..//li in search
19:05:01.622 INFO  manager.MyListener - The element with locator---> By.xpath: //*[contains(@class,'icon-clock')]/../../..//li was found
19:05:01.625 INFO  tests_trello.TestBase - ****************************************************************
19:05:01.626 INFO  manager.ApplicationManager - Tests are finished
