18:59:47.127 INFO  i.g.bonigarcia.wdm.WebDriverManager - Using chromedriver 98.0.4758.102 (resolved driver for Chrome 98)
18:59:47.127 INFO  i.g.bonigarcia.wdm.WebDriverManager - Exporting webdriver.chrome.driver as C:\Users\User\.cache\selenium\chromedriver\win32\98.0.4758.102\chromedriver.exe
18:59:48.376 INFO  manager.ApplicationManager - Tests start
19:00:09.353 INFO  tests_trello.TestBase - Start test--->boardCreationTest
19:00:09.353 INFO  manager.MyListener - The element with locator---> By.cssSelector: .boards-page-board-section-list-item in search
19:00:09.373 INFO  manager.MyListener - The element with locator---> By.cssSelector: .boards-page-board-section-list-item was found
19:00:09.373 INFO  manager.MyListener - The element with locator---> By.xpath: //*[contains(@class,'icon-clock')]/../../..//li in search
19:00:17.425 INFO  manager.MyListener - The element with locator---> By.xpath: //*[contains(@class,'icon-clock')]/../../..//li was found
19:00:17.427 INFO  manager.MyListener - The element with locator---> By.cssSelector: [data-test-id='header-create-menu-button'] in search
19:00:17.443 INFO  manager.MyListener - The element with locator---> By.cssSelector: [data-test-id='header-create-menu-button'] was found
19:00:17.506 INFO  manager.MyListener - The element with locator---> By.cssSelector: [aria-label='BoardIcon'] in search
19:00:17.540 INFO  manager.MyListener - The element with locator---> By.cssSelector: [aria-label='BoardIcon'] was found
19:00:17.587 INFO  manager.MyListener - The element with locator---> By.cssSelector: [data-test-id='create-board-title-input'] in search
19:00:17.596 INFO  manager.MyListener - The element with locator---> By.cssSelector: [data-test-id='create-board-title-input'] was found
19:00:17.619 INFO  manager.MyListener - The element with locator---> By.cssSelector: [data-test-id='create-board-title-input'] in search
19:00:17.623 INFO  manager.MyListener - The element with locator---> By.cssSelector: [data-test-id='create-board-title-input'] was found
19:00:17.636 INFO  manager.MyListener - The element with locator---> By.cssSelector: [data-test-id='create-board-title-input'] in search
19:00:17.640 INFO  manager.MyListener - The element with locator---> By.cssSelector: [data-test-id='create-board-title-input'] was found
19:00:17.687 INFO  manager.MyListener - The element with locator---> By.cssSelector: [data-test-id='header-create-menu-popover'] in search
19:00:17.693 INFO  manager.MyListener - The element with locator---> By.cssSelector: [data-test-id='header-create-menu-popover'] was found
19:00:17.918 INFO  manager.MyListener - The element with locator---> By.cssSelector: [data-test-id='create-board-submit-button'] in search
19:00:17.926 INFO  manager.MyListener - The element with locator---> By.cssSelector: [data-test-id='create-board-submit-button'] was found
19:00:19.003 INFO  manager.MyListener - The element with locator---> By.cssSelector: [data-test-id='create-board-submit-button'] in search
19:00:19.023 INFO  manager.MyListener - The element with locator---> By.cssSelector: [data-test-id='create-board-submit-button'] was found
19:00:19.073 INFO  manager.MyListener - The element with locator---> By.cssSelector: .list-name-input in search
19:00:19.969 INFO  manager.MyListener - The element with locator---> By.cssSelector: .list-name-input was found
19:00:20.032 INFO  manager.MyListener - The element with locator---> By.cssSelector: .list-name-input in search
19:00:20.058 INFO  manager.MyListener - The element with locator---> By.cssSelector: .list-name-input was found
19:00:20.068 INFO  manager.MyListener - The element with locator---> By.cssSelector: ._2ft40Nx3NZII2i in search
19:00:20.075 INFO  manager.MyListener - The element with locator---> By.cssSelector: ._2ft40Nx3NZII2i was found
19:00:20.150 INFO  manager.MyListener - The element with locator---> By.cssSelector: .boards-page-board-section-list-item in search
19:00:20.477 INFO  manager.MyListener - The element with locator---> By.cssSelector: .boards-page-board-section-list-item was found
19:00:20.477 INFO  manager.MyListener - The element with locator---> By.xpath: //*[contains(@class,'icon-clock')]/../../..//li in search
19:00:20.483 INFO  manager.MyListener - The element with locator---> By.xpath: //*[contains(@class,'icon-clock')]/../../..//li was found
19:00:20.486 INFO  tests_trello.TestBase - ****************************************************************
19:00:20.487 INFO  tests_trello.TestBase - Start test--->testBoardDeletion
19:00:20.488 INFO  manager.MyListener - The element with locator---> By.cssSelector: .boards-page-board-section-list-item in search
19:00:20.493 INFO  manager.MyListener - The element with locator---> By.cssSelector: .boards-page-board-section-list-item was found
19:00:20.493 INFO  manager.MyListener - The element with locator---> By.xpath: //*[contains(@class,'icon-clock')]/../../..//li in search
19:00:20.499 INFO  manager.MyListener - The element with locator---> By.xpath: //*[contains(@class,'icon-clock')]/../../..//li was found
19:00:20.499 INFO  manager.MyListener - The element with locator---> By.cssSelector: .boards-page-board-section-list-item in search
19:00:20.506 INFO  manager.MyListener - The element with locator---> By.cssSelector: .boards-page-board-section-list-item was found
19:00:20.638 INFO  manager.MyListener - The element with locator---> By.cssSelector: .js-show-sidebar in search
19:00:20.738 INFO  manager.MyListener - The element with locator---> By.cssSelector: .js-show-sidebar was found
19:00:20.769 INFO  manager.MyListener - The element with locator---> By.cssSelector: .js-open-more in search
19:00:20.787 INFO  manager.MyListener - The element with locator---> By.cssSelector: .js-open-more was found
19:00:20.889 INFO  manager.MyListener - The element with locator---> By.cssSelector: .js-close-board in search
19:00:20.895 INFO  manager.MyListener - The element with locator---> By.cssSelector: .js-close-board was found
19:00:20.975 INFO  manager.MyListener - The element with locator---> By.cssSelector: .js-confirm in search
19:00:20.985 INFO  manager.MyListener - The element with locator---> By.cssSelector: .js-confirm was found
19:00:21.010 INFO  manager.MyListener - The element with locator---> By.cssSelector: [data-test-id='close-board-delete-board-button'] in search
19:00:21.416 INFO  manager.MyListener - The element with locator---> By.cssSelector: [data-test-id='close-board-delete-board-button'] was found
19:00:26.464 INFO  manager.MyListener - The element with locator---> By.cssSelector: [data-test-id='close-board-delete-board-confirm-button'] in search
19:00:34.483 INFO  manager.MyListener - We have a throwable--> no such element: Unable to locate element: {"method":"css selector","selector":"[data-test-id='close-board-delete-board-confirm-button']"}
  (Session info: chrome=98.0.4758.102)
For documentation on this error, please visit: https://www.seleniumhq.org/exceptions/no_such_element.html
Build info: version: '3.141.59', revision: 'e82be7d358', time: '2018-11-14T08:17:03'
System info: host: 'PKMONSTER', ip: '26.121.132.97', os.name: 'Windows 10', os.arch: 'amd64', os.version: '10.0', java.version: '11.0.13'
Driver info: org.openqa.selenium.chrome.ChromeDriver
Capabilities {acceptInsecureCerts: false, browserName: chrome, browserVersion: 98.0.4758.102, chrome: {chromedriverVersion: 98.0.4758.102 (273bf7ac8c90..., userDataDir: C:\Users\User\AppData\Local...}, goog:chromeOptions: {debuggerAddress: localhost:57615}, javascriptEnabled: true, networkConnectionEnabled: false, pageLoadStrategy: normal, platform: WINDOWS, platformName: WINDOWS, proxy: Proxy(), setWindowRect: true, strictFileInteractability: false, timeouts: {implicit: 0, pageLoad: 300000, script: 30000}, unhandledPromptBehavior: dismiss and notify, webauthn:extension:credBlob: true, webauthn:extension:largeBlob: true, webauthn:virtualAuthenticators: true}
Session ID: 3ce4ac5d8945a208280b40e49a999e8e
*** Element info: {Using=css selector, value=[data-test-id='close-board-delete-board-confirm-button']}
19:00:34.483 INFO  manager.MyListener - org.openqa.selenium.NoSuchElementException: no such element: Unable to locate element: {"method":"css selector","selector":"[data-test-id='close-board-delete-board-confirm-button']"}
  (Session info: chrome=98.0.4758.102)
For documentation on this error, please visit: https://www.seleniumhq.org/exceptions/no_such_element.html
Build info: version: '3.141.59', revision: 'e82be7d358', time: '2018-11-14T08:17:03'
System info: host: 'PKMONSTER', ip: '26.121.132.97', os.name: 'Windows 10', os.arch: 'amd64', os.version: '10.0', java.version: '11.0.13'
Driver info: org.openqa.selenium.chrome.ChromeDriver
Capabilities {acceptInsecureCerts: false, browserName: chrome, browserVersion: 98.0.4758.102, chrome: {chromedriverVersion: 98.0.4758.102 (273bf7ac8c90..., userDataDir: C:\Users\User\AppData\Local...}, goog:chromeOptions: {debuggerAddress: localhost:57615}, javascriptEnabled: true, networkConnectionEnabled: false, pageLoadStrategy: normal, platform: WINDOWS, platformName: WINDOWS, proxy: Proxy(), setWindowRect: true, strictFileInteractability: false, timeouts: {implicit: 0, pageLoad: 300000, script: 30000}, unhandledPromptBehavior: dismiss and notify, webauthn:extension:credBlob: true, webauthn:extension:largeBlob: true, webauthn:virtualAuthenticators: true}
Session ID: 3ce4ac5d8945a208280b40e49a999e8e
*** Element info: {Using=css selector, value=[data-test-id='close-board-delete-board-confirm-button']}
19:00:34.493 INFO  manager.MyListener - This is a link of 'your screen' with errorsrc/test/screenshots/screen34.png
19:00:35.023 INFO  tests_trello.TestBase - ****************************************************************
19:00:35.023 INFO  tests_trello.TestBase - Start test--->cardCreation
19:00:35.023 INFO  manager.MyListener - The element with locator---> By.cssSelector: .boards-page-board-section-list-item in search
19:00:43.033 INFO  manager.MyListener - We have a throwable--> no such element: Unable to locate element: {"method":"css selector","selector":".boards-page-board-section-list-item"}
  (Session info: chrome=98.0.4758.102)
For documentation on this error, please visit: https://www.seleniumhq.org/exceptions/no_such_element.html
Build info: version: '3.141.59', revision: 'e82be7d358', time: '2018-11-14T08:17:03'
System info: host: 'PKMONSTER', ip: '26.121.132.97', os.name: 'Windows 10', os.arch: 'amd64', os.version: '10.0', java.version: '11.0.13'
Driver info: org.openqa.selenium.chrome.ChromeDriver
Capabilities {acceptInsecureCerts: false, browserName: chrome, browserVersion: 98.0.4758.102, chrome: {chromedriverVersion: 98.0.4758.102 (273bf7ac8c90..., userDataDir: C:\Users\User\AppData\Local...}, goog:chromeOptions: {debuggerAddress: localhost:57615}, javascriptEnabled: true, networkConnectionEnabled: false, pageLoadStrategy: normal, platform: WINDOWS, platformName: WINDOWS, proxy: Proxy(), setWindowRect: true, strictFileInteractability: false, timeouts: {implicit: 0, pageLoad: 300000, script: 30000}, unhandledPromptBehavior: dismiss and notify, webauthn:extension:credBlob: true, webauthn:extension:largeBlob: true, webauthn:virtualAuthenticators: true}
Session ID: 3ce4ac5d8945a208280b40e49a999e8e
*** Element info: {Using=css selector, value=.boards-page-board-section-list-item}
19:00:43.033 INFO  manager.MyListener - org.openqa.selenium.NoSuchElementException: no such element: Unable to locate element: {"method":"css selector","selector":".boards-page-board-section-list-item"}
  (Session info: chrome=98.0.4758.102)
For documentation on this error, please visit: https://www.seleniumhq.org/exceptions/no_such_element.html
Build info: version: '3.141.59', revision: 'e82be7d358', time: '2018-11-14T08:17:03'
System info: host: 'PKMONSTER', ip: '26.121.132.97', os.name: 'Windows 10', os.arch: 'amd64', os.version: '10.0', java.version: '11.0.13'
Driver info: org.openqa.selenium.chrome.ChromeDriver
Capabilities {acceptInsecureCerts: false, browserName: chrome, browserVersion: 98.0.4758.102, chrome: {chromedriverVersion: 98.0.4758.102 (273bf7ac8c90..., userDataDir: C:\Users\User\AppData\Local...}, goog:chromeOptions: {debuggerAddress: localhost:57615}, javascriptEnabled: true, networkConnectionEnabled: false, pageLoadStrategy: normal, platform: WINDOWS, platformName: WINDOWS, proxy: Proxy(), setWindowRect: true, strictFileInteractability: false, timeouts: {implicit: 0, pageLoad: 300000, script: 30000}, unhandledPromptBehavior: dismiss and notify, webauthn:extension:credBlob: true, webauthn:extension:largeBlob: true, webauthn:virtualAuthenticators: true}
Session ID: 3ce4ac5d8945a208280b40e49a999e8e
*** Element info: {Using=css selector, value=.boards-page-board-section-list-item}
19:00:43.033 INFO  manager.MyListener - This is a link of 'your screen' with errorsrc/test/screenshots/screen43.png
19:00:43.523 INFO  tests_trello.TestBase - ****************************************************************
19:00:43.533 INFO  tests_trello.TestBase - Start test--->loginTest1
19:00:43.533 INFO  manager.MyListener - The element with locator---> By.cssSelector: [data-test-id='header-member-menu-button' in search
19:00:43.556 INFO  manager.MyListener - The element with locator---> By.cssSelector: [data-test-id='header-member-menu-button' was found
19:00:43.556 INFO  manager.MyListener - The element with locator---> By.cssSelector: [data-test-id='header-member-menu-button' in search
19:00:43.573 INFO  manager.MyListener - The element with locator---> By.cssSelector: [data-test-id='header-member-menu-button' was found
19:00:43.625 INFO  manager.MyListener - The element with locator---> By.cssSelector: [data-test-id='header-member-menu-logout'] in search
19:00:43.693 INFO  manager.MyListener - The element with locator---> By.cssSelector: [data-test-id='header-member-menu-logout'] was found
19:00:45.486 INFO  manager.MyListener - The element with locator---> By.cssSelector: [data-testid='logout-button'] in search
19:00:45.494 INFO  manager.MyListener - The element with locator---> By.cssSelector: [data-testid='logout-button'] was found
19:00:46.313 INFO  tests_trello.TestBase - Test login Positive 1ol-dyom@yandex.ru Frencis8534@
19:00:46.313 INFO  manager.MyListener - The element with locator---> By.cssSelector: [href='/login'] in search
19:00:50.284 INFO  manager.MyListener - The element with locator---> By.cssSelector: [href='/login'] was found
19:00:50.315 INFO  manager.MyListener - The element with locator---> By.cssSelector: #user in search
19:00:50.944 INFO  manager.MyListener - The element with locator---> By.cssSelector: #user was found
19:00:50.967 INFO  manager.MyListener - The element with locator---> By.cssSelector: #user in search
19:00:50.970 INFO  manager.MyListener - The element with locator---> By.cssSelector: #user was found
19:00:50.985 INFO  manager.MyListener - The element with locator---> By.cssSelector: #user in search
19:00:50.991 INFO  manager.MyListener - The element with locator---> By.cssSelector: #user was found
19:00:56.023 INFO  manager.MyListener - The element with locator---> By.cssSelector: #login in search
19:00:56.045 INFO  manager.MyListener - The element with locator---> By.cssSelector: #login was found
19:00:56.770 INFO  manager.MyListener - The element with locator---> By.cssSelector: #password in search
19:00:56.776 INFO  manager.MyListener - The element with locator---> By.cssSelector: #password was found
19:00:56.956 INFO  manager.MyListener - The element with locator---> By.cssSelector: #password in search
19:00:56.960 INFO  manager.MyListener - The element with locator---> By.cssSelector: #password was found
19:00:56.974 INFO  manager.MyListener - The element with locator---> By.cssSelector: #password in search
19:00:56.979 INFO  manager.MyListener - The element with locator---> By.cssSelector: #password was found
19:00:57.010 INFO  manager.MyListener - The element with locator---> By.cssSelector: #login-submit in search
19:00:57.017 INFO  manager.MyListener - The element with locator---> By.cssSelector: #login-submit was found
19:00:57.045 INFO  manager.MyListener - The element with locator---> By.cssSelector: ._9Bfh6AVH84yAZe in search
19:01:05.070 INFO  manager.MyListener - We have a throwable--> no such element: Unable to locate element: {"method":"css selector","selector":"._9Bfh6AVH84yAZe"}
  (Session info: chrome=98.0.4758.102)
For documentation on this error, please visit: https://www.seleniumhq.org/exceptions/no_such_element.html
Build info: version: '3.141.59', revision: 'e82be7d358', time: '2018-11-14T08:17:03'
System info: host: 'PKMONSTER', ip: '26.121.132.97', os.name: 'Windows 10', os.arch: 'amd64', os.version: '10.0', java.version: '11.0.13'
Driver info: org.openqa.selenium.chrome.ChromeDriver
Capabilities {acceptInsecureCerts: false, browserName: chrome, browserVersion: 98.0.4758.102, chrome: {chromedriverVersion: 98.0.4758.102 (273bf7ac8c90..., userDataDir: C:\Users\User\AppData\Local...}, goog:chromeOptions: {debuggerAddress: localhost:57615}, javascriptEnabled: true, networkConnectionEnabled: false, pageLoadStrategy: normal, platform: WINDOWS, platformName: WINDOWS, proxy: Proxy(), setWindowRect: true, strictFileInteractability: false, timeouts: {implicit: 0, pageLoad: 300000, script: 30000}, unhandledPromptBehavior: dismiss and notify, webauthn:extension:credBlob: true, webauthn:extension:largeBlob: true, webauthn:virtualAuthenticators: true}
Session ID: 3ce4ac5d8945a208280b40e49a999e8e
*** Element info: {Using=css selector, value=._9Bfh6AVH84yAZe}
19:01:05.070 INFO  manager.MyListener - org.openqa.selenium.NoSuchElementException: no such element: Unable to locate element: {"method":"css selector","selector":"._9Bfh6AVH84yAZe"}
  (Session info: chrome=98.0.4758.102)
For documentation on this error, please visit: https://www.seleniumhq.org/exceptions/no_such_element.html
Build info: version: '3.141.59', revision: 'e82be7d358', time: '2018-11-14T08:17:03'
System info: host: 'PKMONSTER', ip: '26.121.132.97', os.name: 'Windows 10', os.arch: 'amd64', os.version: '10.0', java.version: '11.0.13'
Driver info: org.openqa.selenium.chrome.ChromeDriver
Capabilities {acceptInsecureCerts: false, browserName: chrome, browserVersion: 98.0.4758.102, chrome: {chromedriverVersion: 98.0.4758.102 (273bf7ac8c90..., userDataDir: C:\Users\User\AppData\Local...}, goog:chromeOptions: {debuggerAddress: localhost:57615}, javascriptEnabled: true, networkConnectionEnabled: false, pageLoadStrategy: normal, platform: WINDOWS, platformName: WINDOWS, proxy: Proxy(), setWindowRect: true, strictFileInteractability: false, timeouts: {implicit: 0, pageLoad: 300000, script: 30000}, unhandledPromptBehavior: dismiss and notify, webauthn:extension:credBlob: true, webauthn:extension:largeBlob: true, webauthn:virtualAuthenticators: true}
Session ID: 3ce4ac5d8945a208280b40e49a999e8e
*** Element info: {Using=css selector, value=._9Bfh6AVH84yAZe}
19:01:05.070 INFO  manager.MyListener - This is a link of 'your screen' with errorsrc/test/screenshots/screen65.png
19:01:05.223 INFO  tests_trello.TestBase - ****************************************************************
19:01:05.223 INFO  tests_trello.TestBase - Start test--->testChangeAvatar
19:01:05.223 INFO  manager.MyListener - The element with locator---> By.cssSelector: [data-test-id='header-member-menu-button' in search
19:01:05.239 INFO  manager.MyListener - The element with locator---> By.cssSelector: [data-test-id='header-member-menu-button' was found
19:01:05.286 INFO  manager.MyListener - The element with locator---> By.cssSelector: [data-test-id='header-member-menu-profile'] in search
19:01:05.308 INFO  manager.MyListener - The element with locator---> By.cssSelector: [data-test-id='header-member-menu-profile'] was found
19:01:05.358 INFO  manager.MyListener - The element with locator---> By.cssSelector: [href$='manage-profile'] in search
19:01:05.849 INFO  manager.MyListener - The element with locator---> By.cssSelector: [href$='manage-profile'] was found
19:01:12.908 INFO  manager.MyListener - The element with locator---> By.cssSelector: [data-test-selector='profile-hover-info'] in search
19:01:12.930 INFO  manager.MyListener - The element with locator---> By.cssSelector: [data-test-selector='profile-hover-info'] was found
19:01:12.930 INFO  manager.MyListener - The element with locator---> By.cssSelector: .css-1ujqpe8 in search
19:01:12.945 INFO  manager.MyListener - The element with locator---> By.cssSelector: .css-1ujqpe8 was found
19:01:13.209 INFO  manager.MyListener - The element with locator---> By.xpath: //*[@role='menuitem'] [1] in search
19:01:13.219 INFO  manager.MyListener - The element with locator---> By.xpath: //*[@role='menuitem'] [1] was found
19:01:13.283 INFO  manager.MyListener - The element with locator---> By.cssSelector: [id='image-input'] in search
19:01:13.290 INFO  manager.MyListener - The element with locator---> By.cssSelector: [id='image-input'] was found
19:01:16.318 INFO  manager.MyListener - The element with locator---> By.xpath: //div[@class='sc-hgRTRy eovPat']//button[1] in search
19:01:16.340 INFO  manager.MyListener - The element with locator---> By.xpath: //div[@class='sc-hgRTRy eovPat']//button[1] was found
19:01:21.464 INFO  tests_trello.TestBase - ****************************************************************
19:01:21.465 INFO  manager.ApplicationManager - Tests are finished
